<?xml version="1.0" encoding="UTF-8"?>
<!-- Generated by org.testng.reporters.JUnitReportReporter -->
<testsuite hostname="DESKTOP-K0ONJ7J" failures="0" tests="2" name="com.xyz.qa.TestCases.ActionMouseKeyboardInteractions" time="10.684" errors="0" timestamp="2025-02-12T17:54:53 IST" skipped="0">
  <testcase classname="com.xyz.qa.TestCases.ActionMouseKeyboardInteractions" name="mouseActions" time="7.349"/>
  <testcase classname="com.xyz.qa.TestCases.ActionMouseKeyboardInteractions" name="keyBoardActions" time="3.335"/>
</testsuite> <!-- com.xyz.qa.TestCases.ActionMouseKeyboardInteractions -->
