<?xml version="1.0" encoding="UTF-8"?>
<!-- Generated by org.testng.reporters.JUnitReportReporter -->
<testsuite hostname="DESKTOP-K0ONJ7J" failures="0" tests="3" name="com.xyz.qa.TestCases.Switchingcontrol" time="4.310" errors="0" timestamp="2025-02-12T20:43:57 IST" skipped="2">
  <testcase classname="com.xyz.qa.TestCases.Switchingcontrol" name="SwichtopopUps" time="4.310"/>
  <testcase classname="com.xyz.qa.TestCases.Switchingcontrol" name="Swichtotabs">
    <skipped/>
  </testcase> <!-- Swichtotabs -->
  <testcase classname="com.xyz.qa.TestCases.Switchingcontrol" name="SwichtoAlert">
    <skipped/>
  </testcase> <!-- SwichtoAlert -->
</testsuite> <!-- com.xyz.qa.TestCases.Switchingcontrol -->
