<?xml version="1.0" encoding="UTF-8"?>
<!-- Generated by org.testng.reporters.JUnitReportReporter -->
<testsuite hostname="DESKTOP-K0ONJ7J" failures="0" tests="1" name="com.xyz.qa.base.TestBase" time="0.009" errors="0" timestamp="2025-02-12T12:59:21 IST" skipped="0">
  <testcase classname="com.xyz.qa.base.TestBase" name="tests" time="0.009"/>
</testsuite> <!-- com.xyz.qa.base.TestBase -->
