<?xml version="1.0" encoding="UTF-8"?>
<!-- Generated by org.testng.reporters.JUnitReportReporter -->
<testsuite hostname="DESKTOP-K0ONJ7J" failures="0" tests="2" name="com.xyz.qa.TestCases.ElementuserInteraction" time="14.139" errors="0" timestamp="2025-02-12T15:12:01 IST" skipped="0">
  <testcase classname="com.xyz.qa.TestCases.ElementuserInteraction" name="fill_Form" time="3.441"/>
  <testcase classname="com.xyz.qa.TestCases.ElementuserInteraction" name="dropdown_UploadFile" time="10.698"/>
</testsuite> <!-- com.xyz.qa.TestCases.ElementuserInteraction -->
