<?xml version="1.0" encoding="UTF-8"?>
<!-- Generated by org.testng.reporters.JUnitReportReporter -->
<testsuite hostname="DESKTOP-K0ONJ7J" failures="0" tests="1" name="com.xyz.qa.TestCases.ActionMouseKeyboardInteractions" time="7.419" errors="0" timestamp="2025-02-12T17:31:50 IST" skipped="0">
  <testcase classname="com.xyz.qa.TestCases.ActionMouseKeyboardInteractions" name="mouseActions" time="7.419"/>
</testsuite> <!-- com.xyz.qa.TestCases.ActionMouseKeyboardInteractions -->
